GET / 200 278 - 30.530 ms
GET /favicon.ico 404 150 - 3.688 ms
GET / 200 387 - 13.416 ms
GET /login 200 965 - 4.628 ms
POST /api/users 200 127 - 115.304 ms
GET / 304 - - 6.909 ms
GET /login 302 46 - 2.783 ms
GET / 304 - - 7.230 ms
GET /login 302 46 - 1.703 ms
GET / 304 - - 5.648 ms
GET /login 302 46 - 1.022 ms
GET / 304 - - 5.192 ms
GET /login 302 46 - 1.146 ms
GET / 304 - - 4.579 ms
GET /login 302 46 - 0.900 ms
GET / 304 - - 5.245 ms
GET /login 302 46 - 0.978 ms
GET / 304 - - 5.245 ms
GET / 304 - - 5.913 ms
GET /login 302 46 - 0.742 ms
GET / 304 - - 5.128 ms
GET / 304 - - 4.845 ms
GET /login 302 46 - 0.962 ms
GET / 304 - - 4.678 ms
GET / 304 - - 6.096 ms
GET /login 200 965 - 3.649 ms
GET /login 304 - - 22.130 ms
POST /api/users 400 1163 - 110.194 ms
POST /api/users 400 1163 - 106.356 ms
GET /login 304 - - 7.219 ms
GET /login 304 - - 22.957 ms
POST /api/users 400 1163 - 109.253 ms
POST /api/users 400 1163 - 112.138 ms
GET /login 200 1003 - 24.320 ms
POST /api/users 400 1163 - 107.882 ms
GET / 200 425 - 39.337 ms
GET /login 304 - - 4.575 ms
POST /api/users 400 1163 - 107.789 ms
POST /api/users 400 1163 - 105.495 ms
POST /api/users 400 1163 - 116.422 ms
GET /login 304 - - 21.806 ms
POST /api/users 400 1163 - 103.989 ms
GET / 200 475 - 66.568 ms
GET /favicon.ico 404 150 - 3.690 ms
GET /dashBoard 404 148 - 2.167 ms
GET /login 304 - - 4.831 ms
POST /api/users 400 1163 - 105.511 ms
POST /api/users 400 1163 - 100.500 ms
POST /api/users 200 133 - 104.409 ms
POST /api/users 400 1198 - 98.540 ms
POST /api/users 400 1198 - 115.554 ms
POST /api/users 200 127 - 113.651 ms
POST /api/users 400 1156 - 114.160 ms
POST /api/users 200 124 - 108.682 ms
POST /api/users 200 123 - 104.766 ms
POST /api/users 200 126 - 124.355 ms
GET /login 304 - - 23.956 ms
POST /api/users 200 127 - 117.372 ms
GET / 200 504 - 25.883 ms
GET / 304 - - 10.781 ms
POST /api/users/logout 204 - - 7.159 ms
GET / 200 475 - 13.327 ms
GET /login 304 - - 4.120 ms
POST /api/users/login 200 171 - 104.304 ms
GET / 200 504 - 9.238 ms
POST /api/users/logout 204 - - 7.256 ms
GET / 200 475 - 9.026 ms
GET /login 304 - - 3.973 ms
POST /api/users/login 200 171 - 103.615 ms
GET / 200 504 - 8.519 ms
POST /api/users/logout 204 - - 5.801 ms
GET / 200 475 - 11.288 ms
GET / 200 476 - 7.012 ms
GET /dashBoard 404 148 - 1.921 ms
GET /dashBoard 404 148 - 0.933 ms
GET /login 304 - - 4.665 ms
GET /dashBoard 404 148 - 1.109 ms
GET /login 304 - - 3.598 ms
POST /api/users/login 200 171 - 127.669 ms
GET / 200 505 - 9.169 ms
POST /api/users/logout 204 - - 6.743 ms
GET / 200 476 - 31.645 ms
GET / 304 - - 12.302 ms
GET /login 304 - - 5.897 ms
POST /api/users/login 200 171 - 104.844 ms
GET /loggedInUser 404 151 - 2.755 ms
GET /loggedInUser 404 151 - 6.307 ms
GET /login 302 46 - 4.101 ms
GET / 200 505 - 36.537 ms
POST /api/users/logout 204 - - 7.151 ms
GET / 200 476 - 14.698 ms
GET /login 200 1003 - 5.287 ms
POST /api/users/login 200 171 - 107.365 ms
GET /loggedInUser 404 151 - 0.727 ms
GET /login 302 46 - 1.430 ms
GET / 200 505 - 14.317 ms
POST /api/users/logout 204 - - 7.382 ms
GET / 200 476 - 9.439 ms
GET / 304 - - 36.696 ms
GET /login 200 1003 - 6.155 ms
POST /api/users/login 200 171 - 104.406 ms
GET / 200 505 - 14.554 ms
GET /dashBoard 404 148 - 2.407 ms
GET / 304 - - 11.449 ms
POST /api/users/logout 204 - - 49.769 ms
GET / 200 476 - 12.566 ms
GET / 304 - - 11.421 ms
GET / 304 - - 10.319 ms
GET / 304 - - 7.387 ms
GET /login 304 - - 4.185 ms
POST /api/users/login 200 171 - 107.315 ms
GET / 200 505 - 8.728 ms
GET /dashBoard 404 148 - 1.292 ms
POST /api/users/logout 204 - - 5.485 ms
GET / 200 476 - 8.196 ms
GET / 304 - - 9.166 ms
GET /dashBoard 404 148 - 0.949 ms
GET /dashBoard 404 148 - 1.012 ms
GET / 200 476 - 8.046 ms
GET /login 304 - - 3.100 ms
POST /api/users/login 200 171 - 104.073 ms
GET / 200 505 - 11.100 ms
GET /dashboard 404 148 - 1.464 ms
GET /dashboard 404 148 - 1.213 ms
POST /api/users/logout 204 - - 5.819 ms
GET / 200 476 - 7.159 ms
GET / 304 - - 34.991 ms
GET /dashboard 404 148 - 3.084 ms
GET /login 304 - - 5.411 ms
POST /api/users/login 200 171 - 104.017 ms
GET / 200 505 - 15.304 ms
GET /dashboard 404 148 - 1.483 ms
GET /dashboard 404 148 - 7.098 ms
GET /dashboard 404 148 - 1.367 ms
GET / 304 - - 34.339 ms
GET /dashboard 404 148 - 6.144 ms
GET /api/dashboard 404 152 - 1.588 ms
GET /dashboard 404 148 - 1.065 ms
GET /dashboard 404 148 - 4.590 ms
GET / 304 - - 36.184 ms
GET /dashboard 404 148 - 2.268 ms
POST /api/users/logout 204 - - 7.560 ms
GET / 200 476 - 17.639 ms
GET /dashboard 404 148 - 0.988 ms
GET /login 304 - - 5.600 ms
POST /api/users/login 200 171 - 108.964 ms
GET /dashboard 404 148 - 0.602 ms
GET / 200 505 - 38.030 ms
POST /api/users/logout 204 - - 6.555 ms
GET / 200 476 - 25.575 ms
GET /login 304 - - 6.065 ms
POST /api/users/login 200 171 - 106.766 ms
GET /dashboard 404 148 - 4.197 ms
GET / 200 505 - 12.246 ms
POST /api/users/logout 204 - - 5.237 ms
GET / 200 476 - 8.249 ms
GET /login 304 - - 4.578 ms
POST /api/users/login 200 171 - 103.654 ms
GET /dashboard 404 148 - 0.790 ms
GET /dashboard 404 148 - 4.394 ms
GET /dashboard 404 148 - 1.029 ms
GET /login 302 46 - 3.648 ms
GET / 200 505 - 31.324 ms
POST /api/users/logout 204 - - 6.620 ms
GET / 200 476 - 10.176 ms
GET /login 200 1003 - 5.460 ms
POST /api/users/login 200 171 - 105.657 ms
GET /dashboard 404 148 - 2.415 ms
GET / 200 505 - 52.029 ms
POST /api/users/logout 204 - - 7.768 ms
GET / 200 476 - 11.014 ms
GET /dashboard 404 148 - 2.327 ms
GET /login 304 - - 5.342 ms
POST /api/users/login 200 171 - 105.586 ms
GET /dashboard 404 148 - 1.010 ms
GET /dashboard 404 148 - 0.673 ms
GET /dashboard 302 46 - 5.830 ms
GET / 200 505 - 36.680 ms
GET /dashboard 302 46 - 2.439 ms
GET / 304 - - 20.227 ms
POST /api/users/logout 204 - - 6.602 ms
GET / 200 476 - 21.708 ms
GET /login 304 - - 5.415 ms
POST /api/users/login 200 171 - 107.106 ms
GET /dashboard 302 46 - 0.835 ms
GET / 200 505 - 6.727 ms
GET / 304 - - 34.432 ms
GET / 304 - - 13.728 ms
POST /api/users/logout 204 - - 34.497 ms
GET / 200 476 - 11.842 ms
GET /login 304 - - 3.958 ms
POST /api/users/login 200 171 - 113.176 ms
GET /dashboard 302 64 - 3.707 ms
GET /dashboard 302 64 - 1.048 ms
GET /dashboard 302 64 - 0.856 ms
GET /dashboard 302 64 - 0.564 ms
GET /dashboard 302 64 - 0.534 ms
GET /dashboard 302 64 - 0.940 ms
GET /dashboard 302 64 - 0.513 ms
GET /dashboard 302 64 - 0.595 ms
GET /dashboard 302 64 - 0.599 ms
GET /dashboard 302 64 - 0.742 ms
GET /dashboard 302 64 - 0.698 ms
GET /dashboard 302 64 - 0.537 ms
GET /dashboard 302 64 - 0.698 ms
GET /dashboard 302 64 - 0.490 ms
GET /dashboard 302 64 - 0.453 ms
GET /dashboard 302 64 - 0.499 ms
GET /dashboard 302 64 - 0.576 ms
GET /dashboard 302 64 - 0.558 ms
GET /dashboard 302 64 - 0.746 ms
GET /dashboard 302 64 - 0.425 ms
GET /dashboard 302 64 - 1.094 ms
GET /dashboard 302 64 - 0.805 ms
GET /dashboard 302 64 - 0.599 ms
GET /dashboard 302 64 - 0.509 ms
GET /dashboard 302 64 - 0.939 ms
GET /dashboard 302 64 - 0.518 ms
GET /dashboard 302 64 - 0.877 ms
GET /dashboard 302 64 - 0.592 ms
GET /dashboard 302 64 - 0.477 ms
GET /dashboard 302 64 - 1.081 ms
GET /dashboard 302 64 - 1.432 ms
GET /dashboard 302 64 - 0.465 ms
GET /dashboard 302 64 - 0.574 ms
GET /dashboard 302 64 - 0.915 ms
GET /dashboard 302 64 - 0.440 ms
GET /dashboard 302 64 - 0.854 ms
GET /dashboard 302 64 - 0.478 ms
GET /dashboard 302 64 - 0.514 ms
GET /dashboard 302 64 - 0.523 ms
GET /dashboard 302 64 - 0.469 ms
GET /dashboard 200 535 - 9.172 ms
GET /public/js/blogAdd.js 404 159 - 6.022 ms
GET /login 304 - - 4.405 ms
POST /api/users/login 200 171 - 102.776 ms
GET /dashboard 302 64 - 0.568 ms
GET /dashboard 302 64 - 0.565 ms
GET /dashboard 302 64 - 0.625 ms
GET /dashboard 302 64 - 0.507 ms
GET /dashboard 302 64 - 0.666 ms
GET /dashboard 302 64 - 0.480 ms
GET /dashboard 302 64 - 0.468 ms
GET /dashboard 302 64 - 0.525 ms
GET /dashboard 302 64 - 0.483 ms
GET /dashboard 302 64 - 0.467 ms
GET /dashboard 302 64 - 0.652 ms
GET /dashboard 302 64 - 0.472 ms
GET /dashboard 302 64 - 0.478 ms
GET /dashboard 302 64 - 0.501 ms
GET /dashboard 302 64 - 0.449 ms
GET /dashboard 302 64 - 0.568 ms
GET /dashboard 302 64 - 0.750 ms
GET /dashboard 302 64 - 0.498 ms
GET /dashboard 302 64 - 0.474 ms
GET /dashboard 302 64 - 0.580 ms
GET /dashboard 302 64 - 0.702 ms
GET /dashboard 302 64 - 0.521 ms
GET /dashboard 302 64 - 0.529 ms
GET /dashboard 302 64 - 0.619 ms
GET /dashboard 302 64 - 0.755 ms
GET /dashboard 302 64 - 0.766 ms
GET /dashboard 302 64 - 0.666 ms
GET /dashboard 302 64 - 0.479 ms
GET /dashboard 302 64 - 0.498 ms
GET /dashboard 302 64 - 0.725 ms
GET /dashboard 302 64 - 0.750 ms
GET /dashboard 302 64 - 0.545 ms
GET /dashboard 302 64 - 0.860 ms
GET /dashboard 302 64 - 0.471 ms
GET /dashboard 302 64 - 0.488 ms
GET /dashboard 302 64 - 0.508 ms
GET /dashboard 302 64 - 0.896 ms
GET /dashboard 302 64 - 0.486 ms
GET /dashboard 302 64 - 0.680 ms
GET /dashboard 302 64 - 0.471 ms
GET /dashboard 200 535 - 8.466 ms
GET /public/js/blogAdd.js 404 159 - 0.991 ms
GET /dashboard 304 - - 5.246 ms
GET /public/js/blogAdd.js 404 159 - 0.747 ms
GET / 304 - - 10.870 ms
GET /dashboard 304 - - 6.072 ms
GET /public/js/blogAdd.js 404 159 - 1.005 ms
GET /dashboard 304 - - 4.718 ms
GET /public/js/blogAdd.js 404 159 - 1.211 ms
GET /dashboard 304 - - 5.550 ms
GET /public/js/blogAdd.js 404 159 - 0.751 ms
GET / 304 - - 39.485 ms
GET / 304 - - 13.980 ms
GET /login 304 - - 4.295 ms
POST /api/users/login 200 171 - 104.733 ms
GET /dashboard 404 148 - 2.846 ms
GET / 200 505 - 33.301 ms
POST /api/users/logout 204 - - 5.615 ms
GET / 200 476 - 12.024 ms
GET /login 304 - - 5.811 ms
POST /api/users/login 200 171 - 106.912 ms
GET /dashboard 404 148 - 2.699 ms
GET /dashboard 404 148 - 1.102 ms
GET /dashboard 404 148 - 0.832 ms
GET /login 302 46 - 3.288 ms
GET / 200 505 - 15.154 ms
GET /dashboard 404 148 - 2.614 ms
GET /dashboard 404 148 - 4.861 ms
GET /dashboard 404 148 - 1.926 ms
POST /api/users/logout 204 - - 7.249 ms
GET / 200 476 - 33.703 ms
GET /login 200 1003 - 5.795 ms
GET /dashboard 404 148 - 0.770 ms
GET / 200 526 - 34.670 ms
GET /public/js/dashboard.js 404 161 - 3.593 ms
GET / 304 - - 18.706 ms
GET /public/js/dashboard.js 404 161 - 1.401 ms
GET /dashboard 404 148 - 0.991 ms
GET / 304 - - 35.175 ms
GET /public/js/dashboard.js 404 161 - 3.275 ms
GET /dashboard 404 148 - 2.059 ms
GET / 304 - - 17.274 ms
GET /public/js/dashboard.js 404 161 - 2.314 ms
GET / 304 - - 37.733 ms
GET /public/js/dashboard.js 404 161 - 4.089 ms
GET / 304 - - 15.002 ms
GET /public/js/dashboard.js 404 161 - 2.618 ms
GET /login 304 - - 5.021 ms
POST /api/users/login 200 171 - 106.141 ms
GET / 200 555 - 14.811 ms
GET /public/js/dashboard.js 404 161 - 4.028 ms
GET /dashboard 404 148 - 1.051 ms
GET / 304 - - 10.909 ms
GET /public/js/dashboard.js 404 161 - 3.875 ms
POST /api/users/logout 204 - - 8.563 ms
GET / 200 526 - 8.726 ms
GET /public/js/dashboard.js 404 161 - 0.763 ms
GET / 304 - - 11.973 ms
GET /public/js/dashboard.js 404 161 - 0.600 ms
GET / 200 476 - 35.255 ms
GET / 304 - - 17.043 ms
GET /dashboard 404 148 - 0.720 ms
GET /dashboard 404 148 - 1.735 ms
GET / 304 - - 48.229 ms
GET /login 304 - - 5.015 ms
POST /api/users/login 200 171 - 104.825 ms
GET / 200 505 - 14.231 ms
GET /dashboard 200 532 - 7.179 ms
GET /public/js/blogAdd.js 404 159 - 2.283 ms
POST /api/users/logout 204 - - 7.540 ms
GET / 200 476 - 9.962 ms
GET /dashboard 302 56 - 3.736 ms
GET /login 304 - - 5.098 ms
POST /api/users/login 200 171 - 105.292 ms
GET / 200 505 - 7.251 ms
GET /dashboard 200 532 - 5.973 ms
GET /public/js/blogAdd.js 404 159 - 0.635 ms
GET /blogAdd 404 146 - 0.746 ms
GET /dashboard 304 - - 6.817 ms
GET /public/js/blogAdd.js 404 159 - 1.160 ms
POST /api/users/logout 204 - - 5.781 ms
GET / 200 476 - 8.231 ms
GET / 304 - - 9.590 ms
GET /dashboard 302 56 - 0.966 ms
GET /login 304 - - 3.134 ms
